<?xml version="1.0" encoding="UTF-8"?>
<!-- Generated by org.testng.reporters.JUnitReportReporter -->
<testsuite hostname="DESKTOP-KF8CAV4" failures="0" tests="1" name="com.inetbanking.testCases.TC_LoginTest_001" time="8.863" errors="0" timestamp="09 Dec 2021 16:52:43 GMT" skipped="0">
  <testcase classname="com.inetbanking.testCases.TC_LoginTest_001" name="loginTest" time="8.863"/>
</testsuite> <!-- com.inetbanking.testCases.TC_LoginTest_001 -->
