<?xml version="1.0" encoding="UTF-8"?>
<!-- Generated by org.testng.reporters.JUnitReportReporter -->
<testsuite hostname="DESKTOP-KF8CAV4" failures="0" tests="1" name="com.inetbanking.testCases.TC_AddCustomerTest_003" time="18.978" errors="0" timestamp="09 Dec 2021 16:52:43 GMT" skipped="0">
  <testcase classname="com.inetbanking.testCases.TC_AddCustomerTest_003" name="addNewCustomer" time="18.978"/>
</testsuite> <!-- com.inetbanking.testCases.TC_AddCustomerTest_003 -->
